This file contains any messages produced by compilers while
running configure, to aid debugging if configure makes a mistake.

It was created by ransampl configure 1:1, which was
generated by GNU Autoconf 2.69.  Invocation command line was

  $ ./configure 

## --------- ##
## Platform. ##
## --------- ##

hostname = MacBook-Air-di-Riccardo.local
uname -m = x86_64
uname -r = 17.7.0
uname -s = Darwin
uname -v = Darwin Kernel Version 17.7.0: Thu Jun 21 22:53:14 PDT 2018; root:xnu-4570.71.2~1/RELEASE_X86_64

/usr/bin/uname -p = i386
/bin/uname -X     = unknown

/bin/arch              = unknown
/usr/bin/arch -k       = unknown
/usr/convex/getsysinfo = unknown
/usr/bin/hostinfo      = Mach kernel version:
	 Darwin Kernel Version 17.7.0: Thu Jun 21 22:53:14 PDT 2018; root:xnu-4570.71.2~1/RELEASE_X86_64
Kernel configured for up to 4 processors.
2 processors are physically available.
4 processors are logically available.
Processor type: x86_64h (Intel x86-64h Haswell)
Processors active: 0 1 2 3
Primary memory available: 8.00 gigabytes
Default processor set: 303 tasks, 1262 threads, 4 processors
Load average: 1.32, Mach factor: 2.69
/bin/machine           = unknown
/usr/bin/oslevel       = unknown
/bin/universe          = unknown

PATH: /usr/local/bin
PATH: /Users/XelmagaX/anaconda3/bin
PATH: /bin
PATH: /sbin
PATH: /usr/bin
PATH: /usr/local/sbin
PATH: /usr/local/bin
PATH: /usr/local/bin
PATH: /usr/bin
PATH: /bin
PATH: /usr/sbin
PATH: /sbin
PATH: /Library/TeX/texbin
PATH: /usr/local/share/dotnet
PATH: /opt/X11/bin
PATH: /Library/Frameworks/Mono.framework/Versions/Current/Commands
PATH: /usr/local/MacGPG2/bin


## ----------- ##
## Core tests. ##
## ----------- ##

configure:2255: checking for a BSD-compatible install
configure:2323: result: /usr/bin/install -c
configure:2334: checking whether build environment is sane
configure:2389: result: yes
configure:2540: checking for a thread-safe mkdir -p
configure:2579: result: build-aux/install-sh -c -d
configure:2586: checking for gawk
configure:2616: result: no
configure:2586: checking for mawk
configure:2616: result: no
configure:2586: checking for nawk
configure:2616: result: no
configure:2586: checking for awk
configure:2602: found /usr/bin/awk
configure:2613: result: awk
configure:2624: checking whether make sets $(MAKE)
configure:2646: result: yes
configure:2675: checking whether make supports nested variables
configure:2692: result: yes
configure:2847: checking build system type
configure:2861: result: x86_64-apple-darwin17.7.0
configure:2881: checking host system type
configure:2894: result: x86_64-apple-darwin17.7.0
configure:2935: checking how to print strings
configure:2962: result: printf
configure:2995: checking for style of include used by make
configure:3023: result: GNU
configure:3094: checking for gcc
configure:3121: result: clang
configure:3350: checking for C compiler version
configure:3359: clang --version >&5
Apple LLVM version 9.1.0 (clang-902.0.39.2)
Target: x86_64-apple-darwin17.7.0
Thread model: posix
InstalledDir: /Library/Developer/CommandLineTools/usr/bin
configure:3370: $? = 0
configure:3359: clang -v >&5
Apple LLVM version 9.1.0 (clang-902.0.39.2)
Target: x86_64-apple-darwin17.7.0
Thread model: posix
InstalledDir: /Library/Developer/CommandLineTools/usr/bin
configure:3370: $? = 0
configure:3359: clang -V >&5
clang: error: argument to '-V' is missing (expected 1 value)
clang: error: no input files
configure:3370: $? = 1
configure:3359: clang -qversion >&5
clang: error: unknown argument: '-qversion'
clang: error: no input files
configure:3370: $? = 1
configure:3390: checking whether the C compiler works
configure:3412: clang    conftest.c  >&5
configure:3416: $? = 0
configure:3464: result: yes
configure:3467: checking for C compiler default output file name
configure:3469: result: a.out
configure:3475: checking for suffix of executables
configure:3482: clang -o conftest    conftest.c  >&5
configure:3486: $? = 0
configure:3508: result: 
configure:3530: checking whether we are cross compiling
configure:3538: clang -o conftest    conftest.c  >&5
configure:3542: $? = 0
configure:3549: ./conftest
configure:3553: $? = 0
configure:3568: result: no
configure:3573: checking for suffix of object files
configure:3595: clang -c   conftest.c >&5
configure:3599: $? = 0
configure:3620: result: o
configure:3624: checking whether we are using the GNU C compiler
configure:3643: clang -c   conftest.c >&5
configure:3643: $? = 0
configure:3652: result: yes
configure:3661: checking whether clang accepts -g
configure:3681: clang -c -g  conftest.c >&5
configure:3681: $? = 0
configure:3722: result: yes
configure:3739: checking for clang option to accept ISO C89
configure:3802: clang  -c -g -O2  conftest.c >&5
configure:3802: $? = 0
configure:3815: result: none needed
configure:3840: checking whether clang understands -c and -o together
configure:3862: clang -c conftest.c -o conftest2.o
configure:3865: $? = 0
configure:3862: clang -c conftest.c -o conftest2.o
configure:3865: $? = 0
configure:3877: result: yes
configure:3896: checking dependency style of clang
configure:4007: result: gcc3
configure:4022: checking for a sed that does not truncate output
configure:4086: result: /usr/bin/sed
configure:4104: checking for grep that handles long lines and -e
configure:4162: result: /usr/bin/grep
configure:4167: checking for egrep
configure:4229: result: /usr/bin/grep -E
configure:4234: checking for fgrep
configure:4296: result: /usr/bin/grep -F
configure:4331: checking for ld used by clang
configure:4398: result: /Library/Developer/CommandLineTools/usr/bin/ld
configure:4405: checking if the linker (/Library/Developer/CommandLineTools/usr/bin/ld) is GNU ld
configure:4420: result: no
configure:4432: checking for BSD- or MS-compatible name lister (nm)
configure:4481: result: /usr/bin/nm -B
configure:4611: checking the name lister (/usr/bin/nm -B) interface
configure:4618: clang -c -g -O2  conftest.c >&5
configure:4621: /usr/bin/nm -B "conftest.o"
configure:4624: output
00000000000001d0 S _some_variable
configure:4631: result: BSD nm
configure:4634: checking whether ln -s works
configure:4638: result: yes
configure:4646: checking the maximum length of command line arguments
configure:4777: result: 196608
configure:4794: checking whether the shell understands some XSI constructs
configure:4804: result: yes
configure:4808: checking whether the shell understands "+="
configure:4814: result: yes
configure:4849: checking how to convert x86_64-apple-darwin17.7.0 file names to x86_64-apple-darwin17.7.0 format
configure:4889: result: func_convert_file_noop
configure:4896: checking how to convert x86_64-apple-darwin17.7.0 file names to toolchain format
configure:4916: result: func_convert_file_noop
configure:4923: checking for /Library/Developer/CommandLineTools/usr/bin/ld option to reload object files
configure:4930: result: -r
configure:5004: checking for objdump
configure:5020: found /usr/bin/objdump
configure:5031: result: objdump
configure:5063: checking how to recognize dependent libraries
configure:5261: result: pass_all
configure:5346: checking for dlltool
configure:5376: result: no
configure:5406: checking how to associate runtime and link libraries
configure:5433: result: printf %s\n
configure:5494: checking for ar
configure:5510: found /usr/bin/ar
configure:5521: result: ar
configure:5558: checking for archiver @FILE support
configure:5575: clang -c -g -O2  conftest.c >&5
configure:5575: $? = 0
configure:5578: ar cru libconftest.a @conftest.lst >&5
ar: @conftest.lst: No such file or directory
configure:5581: $? = 1
configure:5601: result: no
configure:5659: checking for strip
configure:5675: found /usr/bin/strip
configure:5686: result: strip
configure:5758: checking for ranlib
configure:5774: found /usr/bin/ranlib
configure:5785: result: ranlib
configure:5887: checking command to parse /usr/bin/nm -B output from clang object
configure:6007: clang -c -g -O2  conftest.c >&5
configure:6010: $? = 0
configure:6014: /usr/bin/nm -B conftest.o \| sed -n -e 's/^.*[ ]\([BCDEGRST][BCDEGRST]*\)[ ][ ]*\([_A-Za-z][_A-Za-z0-9]*\)$/\1 \2 \2/p' | sed '/ __gnu_lto/d' \> conftest.nm
configure:6017: $? = 0
cannot find nm_test_var in conftest.nm
configure:6007: clang -c -g -O2  conftest.c >&5
configure:6010: $? = 0
configure:6014: /usr/bin/nm -B conftest.o \| sed -n -e 's/^.*[ ]\([BCDEGRST][BCDEGRST]*\)[ ][ ]*_\([_A-Za-z][_A-Za-z0-9]*\)$/\1 _\2 \2/p' | sed '/ __gnu_lto/d' \> conftest.nm
configure:6017: $? = 0
configure:6083: clang -o conftest -g -O2   conftest.c conftstm.o >&5
warning: (x86_64)  could not find object file symbol for symbol _main
configure:6086: $? = 0
configure:6124: result: ok
configure:6161: checking for sysroot
configure:6191: result: no
configure:6460: checking for mt
configure:6490: result: no
configure:6510: checking if : is a manifest tool
configure:6516: : '-?'
configure:6524: result: no
configure:6580: checking for dsymutil
configure:6596: found /usr/bin/dsymutil
configure:6607: result: dsymutil
configure:6672: checking for nmedit
configure:6688: found /usr/bin/nmedit
configure:6699: result: nmedit
configure:6764: checking for lipo
configure:6780: found /usr/bin/lipo
configure:6791: result: lipo
configure:6856: checking for otool
configure:6872: found /usr/bin/otool
configure:6883: result: otool
configure:6948: checking for otool64
configure:6978: result: no
configure:7023: checking for -single_module linker flag
clang -g -O2  -o libconftest.dylib -dynamiclib -Wl,-single_module conftest.c
configure:7056: result: yes
configure:7059: checking for -exported_symbols_list linker flag
configure:7079: clang -o conftest -g -O2   -Wl,-exported_symbols_list,conftest.sym conftest.c  >&5
configure:7079: $? = 0
configure:7089: result: yes
configure:7092: checking for -force_load linker flag
clang -g -O2 -c -o conftest.o conftest.c
ar cru libconftest.a conftest.o
ranlib libconftest.a
clang -g -O2  -o conftest conftest.c -Wl,-force_load,./libconftest.a
configure:7124: result: yes
configure:7166: checking how to run the C preprocessor
configure:7197: clang -E  conftest.c
configure:7197: $? = 0
configure:7211: clang -E  conftest.c
conftest.c:11:10: fatal error: 'ac_nonexistent.h' file not found
#include <ac_nonexistent.h>
         ^~~~~~~~~~~~~~~~~~
1 error generated.
configure:7211: $? = 1
configure: failed program was:
| /* confdefs.h */
| #define PACKAGE_NAME "ransampl"
| #define PACKAGE_TARNAME "ransampl"
| #define PACKAGE_VERSION "1:1"
| #define PACKAGE_STRING "ransampl 1:1"
| #define PACKAGE_BUGREPORT "http://apps.jcns.fz-juelich.de/ransampl"
| #define PACKAGE_URL ""
| #define PACKAGE "ransampl"
| #define VERSION "1:1"
| /* end confdefs.h.  */
| #include <ac_nonexistent.h>
configure:7236: result: clang -E
configure:7256: clang -E  conftest.c
configure:7256: $? = 0
configure:7270: clang -E  conftest.c
conftest.c:11:10: fatal error: 'ac_nonexistent.h' file not found
#include <ac_nonexistent.h>
         ^~~~~~~~~~~~~~~~~~
1 error generated.
configure:7270: $? = 1
configure: failed program was:
| /* confdefs.h */
| #define PACKAGE_NAME "ransampl"
| #define PACKAGE_TARNAME "ransampl"
| #define PACKAGE_VERSION "1:1"
| #define PACKAGE_STRING "ransampl 1:1"
| #define PACKAGE_BUGREPORT "http://apps.jcns.fz-juelich.de/ransampl"
| #define PACKAGE_URL ""
| #define PACKAGE "ransampl"
| #define VERSION "1:1"
| /* end confdefs.h.  */
| #include <ac_nonexistent.h>
configure:7299: checking for ANSI C header files
configure:7319: clang -c -g -O2  conftest.c >&5
configure:7319: $? = 0
configure:7392: clang -o conftest -g -O2   conftest.c  >&5
configure:7392: $? = 0
configure:7392: ./conftest
configure:7392: $? = 0
configure:7403: result: yes
configure:7416: checking for sys/types.h
configure:7416: clang -c -g -O2  conftest.c >&5
configure:7416: $? = 0
configure:7416: result: yes
configure:7416: checking for sys/stat.h
configure:7416: clang -c -g -O2  conftest.c >&5
configure:7416: $? = 0
configure:7416: result: yes
configure:7416: checking for stdlib.h
configure:7416: clang -c -g -O2  conftest.c >&5
configure:7416: $? = 0
configure:7416: result: yes
configure:7416: checking for string.h
configure:7416: clang -c -g -O2  conftest.c >&5
configure:7416: $? = 0
configure:7416: result: yes
configure:7416: checking for memory.h
configure:7416: clang -c -g -O2  conftest.c >&5
configure:7416: $? = 0
configure:7416: result: yes
configure:7416: checking for strings.h
configure:7416: clang -c -g -O2  conftest.c >&5
configure:7416: $? = 0
configure:7416: result: yes
configure:7416: checking for inttypes.h
configure:7416: clang -c -g -O2  conftest.c >&5
configure:7416: $? = 0
configure:7416: result: yes
configure:7416: checking for stdint.h
configure:7416: clang -c -g -O2  conftest.c >&5
configure:7416: $? = 0
configure:7416: result: yes
configure:7416: checking for unistd.h
configure:7416: clang -c -g -O2  conftest.c >&5
configure:7416: $? = 0
configure:7416: result: yes
configure:7430: checking for dlfcn.h
configure:7430: clang -c -g -O2  conftest.c >&5
configure:7430: $? = 0
configure:7430: result: yes
configure:7635: checking for objdir
configure:7650: result: .libs
configure:7921: checking if clang supports -fno-rtti -fno-exceptions
configure:7939: clang -c -g -O2  -fno-rtti -fno-exceptions conftest.c >&5
configure:7943: $? = 0
configure:7956: result: yes
configure:8283: checking for clang option to produce PIC
configure:8290: result: -fno-common -DPIC
configure:8298: checking if clang PIC flag -fno-common -DPIC works
configure:8316: clang -c -g -O2  -fno-common -DPIC -DPIC conftest.c >&5
configure:8320: $? = 0
configure:8333: result: yes
configure:8362: checking if clang static flag -static works
configure:8390: result: no
configure:8405: checking if clang supports -c -o file.o
configure:8426: clang -c -g -O2  -o out/conftest2.o conftest.c >&5
configure:8430: $? = 0
configure:8452: result: yes
configure:8460: checking if clang supports -c -o file.o
configure:8507: result: yes
configure:8540: checking whether the clang linker (/Library/Developer/CommandLineTools/usr/bin/ld) supports shared libraries
configure:9697: result: yes
configure:9937: checking dynamic linker characteristics
configure:10671: result: darwin17.7.0 dyld
configure:10778: checking how to hardcode library paths into programs
configure:10803: result: immediate
configure:11343: checking whether stripping libraries is possible
configure:11357: result: yes
configure:11383: checking if libtool supports shared libraries
configure:11385: result: yes
configure:11388: checking whether to build shared libraries
configure:11409: result: yes
configure:11412: checking whether to build static libraries
configure:11416: result: no
configure:11454: checking for clang option to accept ISO C99
configure:11603: clang  -c -g -O2  conftest.c >&5
configure:11603: $? = 0
configure:11616: result: none needed
configure:11635: checking for ANSI C header files
configure:11739: result: yes
configure:11754: checking gsl/gsl_rng.h usability
configure:11754: clang -c -g -O2  conftest.c >&5
configure:11754: $? = 0
configure:11754: result: yes
configure:11754: checking gsl/gsl_rng.h presence
configure:11754: clang -E  conftest.c
configure:11754: $? = 0
configure:11754: result: yes
configure:11754: checking for gsl/gsl_rng.h
configure:11754: result: yes
configure:11768: checking for library containing cblas_dgemm
configure:11799: clang -o conftest -g -O2   conftest.c  >&5
Undefined symbols for architecture x86_64:
  "_cblas_dgemm", referenced from:
      _main in conftest-484d70.o
ld: symbol(s) not found for architecture x86_64
clang: error: linker command failed with exit code 1 (use -v to see invocation)
configure:11799: $? = 1
configure: failed program was:
| /* confdefs.h */
| #define PACKAGE_NAME "ransampl"
| #define PACKAGE_TARNAME "ransampl"
| #define PACKAGE_VERSION "1:1"
| #define PACKAGE_STRING "ransampl 1:1"
| #define PACKAGE_BUGREPORT "http://apps.jcns.fz-juelich.de/ransampl"
| #define PACKAGE_URL ""
| #define PACKAGE "ransampl"
| #define VERSION "1:1"
| #define STDC_HEADERS 1
| #define HAVE_SYS_TYPES_H 1
| #define HAVE_SYS_STAT_H 1
| #define HAVE_STDLIB_H 1
| #define HAVE_STRING_H 1
| #define HAVE_MEMORY_H 1
| #define HAVE_STRINGS_H 1
| #define HAVE_INTTYPES_H 1
| #define HAVE_STDINT_H 1
| #define HAVE_UNISTD_H 1
| #define HAVE_DLFCN_H 1
| #define LT_OBJDIR ".libs/"
| #define STDC_HEADERS 1
| #define HAVE_GSL_GSL_RNG_H 1
| /* end confdefs.h.  */
| 
| /* Override any GCC internal prototype to avoid an error.
|    Use char because int might match the return type of a GCC
|    builtin and then its argument prototype would still apply.  */
| #ifdef __cplusplus
| extern "C"
| #endif
| char cblas_dgemm ();
| int
| main ()
| {
| return cblas_dgemm ();
|   ;
|   return 0;
| }
configure:11799: clang -o conftest -g -O2   conftest.c -lgslcblas   >&5
configure:11799: $? = 0
configure:11816: result: -lgslcblas
configure:11826: checking for library containing gsl_rng_uniform
configure:11857: clang -o conftest -g -O2   conftest.c -lgslcblas  >&5
Undefined symbols for architecture x86_64:
  "_gsl_rng_uniform", referenced from:
      _main in conftest-deeb04.o
ld: symbol(s) not found for architecture x86_64
clang: error: linker command failed with exit code 1 (use -v to see invocation)
configure:11857: $? = 1
configure: failed program was:
| /* confdefs.h */
| #define PACKAGE_NAME "ransampl"
| #define PACKAGE_TARNAME "ransampl"
| #define PACKAGE_VERSION "1:1"
| #define PACKAGE_STRING "ransampl 1:1"
| #define PACKAGE_BUGREPORT "http://apps.jcns.fz-juelich.de/ransampl"
| #define PACKAGE_URL ""
| #define PACKAGE "ransampl"
| #define VERSION "1:1"
| #define STDC_HEADERS 1
| #define HAVE_SYS_TYPES_H 1
| #define HAVE_SYS_STAT_H 1
| #define HAVE_STDLIB_H 1
| #define HAVE_STRING_H 1
| #define HAVE_MEMORY_H 1
| #define HAVE_STRINGS_H 1
| #define HAVE_INTTYPES_H 1
| #define HAVE_STDINT_H 1
| #define HAVE_UNISTD_H 1
| #define HAVE_DLFCN_H 1
| #define LT_OBJDIR ".libs/"
| #define STDC_HEADERS 1
| #define HAVE_GSL_GSL_RNG_H 1
| /* end confdefs.h.  */
| 
| /* Override any GCC internal prototype to avoid an error.
|    Use char because int might match the return type of a GCC
|    builtin and then its argument prototype would still apply.  */
| #ifdef __cplusplus
| extern "C"
| #endif
| char gsl_rng_uniform ();
| int
| main ()
| {
| return gsl_rng_uniform ();
|   ;
|   return 0;
| }
configure:11857: clang -o conftest -g -O2   conftest.c -lgsl  -lgslcblas  >&5
configure:11857: $? = 0
configure:11874: result: -lgsl
configure:11997: checking that generated files are newer than configure
configure:12003: result: done
configure:12026: creating ./config.status

## ---------------------- ##
## Running config.status. ##
## ---------------------- ##

This file was extended by ransampl config.status 1:1, which was
generated by GNU Autoconf 2.69.  Invocation command line was

  CONFIG_FILES    = 
  CONFIG_HEADERS  = 
  CONFIG_LINKS    = 
  CONFIG_COMMANDS = 
  $ ./config.status 

on MacBook-Air-di-Riccardo.local

config.status:1084: creating Makefile
config.status:1084: creating lib/Makefile
config.status:1084: creating man/Makefile
config.status:1084: creating demo/Makefile
config.status:1084: creating ransampl.pc
config.status:1084: creating config.h
config.status:1313: executing depfiles commands
config.status:1313: executing libtool commands

## ---------------- ##
## Cache variables. ##
## ---------------- ##

ac_cv_build=x86_64-apple-darwin17.7.0
ac_cv_c_compiler_gnu=yes
ac_cv_env_CC_set=set
ac_cv_env_CC_value=clang
ac_cv_env_CFLAGS_set=
ac_cv_env_CFLAGS_value=
ac_cv_env_CPPFLAGS_set=
ac_cv_env_CPPFLAGS_value=
ac_cv_env_CPP_set=
ac_cv_env_CPP_value=
ac_cv_env_LDFLAGS_set=
ac_cv_env_LDFLAGS_value=
ac_cv_env_LIBS_set=
ac_cv_env_LIBS_value=
ac_cv_env_build_alias_set=
ac_cv_env_build_alias_value=
ac_cv_env_host_alias_set=
ac_cv_env_host_alias_value=
ac_cv_env_target_alias_set=
ac_cv_env_target_alias_value=
ac_cv_header_dlfcn_h=yes
ac_cv_header_gsl_gsl_rng_h=yes
ac_cv_header_inttypes_h=yes
ac_cv_header_memory_h=yes
ac_cv_header_stdc=yes
ac_cv_header_stdint_h=yes
ac_cv_header_stdlib_h=yes
ac_cv_header_string_h=yes
ac_cv_header_strings_h=yes
ac_cv_header_sys_stat_h=yes
ac_cv_header_sys_types_h=yes
ac_cv_header_unistd_h=yes
ac_cv_host=x86_64-apple-darwin17.7.0
ac_cv_objext=o
ac_cv_path_EGREP='/usr/bin/grep -E'
ac_cv_path_FGREP='/usr/bin/grep -F'
ac_cv_path_GREP=/usr/bin/grep
ac_cv_path_SED=/usr/bin/sed
ac_cv_path_install='/usr/bin/install -c'
ac_cv_prog_AWK=awk
ac_cv_prog_CPP='clang -E'
ac_cv_prog_ac_ct_AR=ar
ac_cv_prog_ac_ct_CC=clang
ac_cv_prog_ac_ct_DSYMUTIL=dsymutil
ac_cv_prog_ac_ct_LIPO=lipo
ac_cv_prog_ac_ct_NMEDIT=nmedit
ac_cv_prog_ac_ct_OBJDUMP=objdump
ac_cv_prog_ac_ct_OTOOL=otool
ac_cv_prog_ac_ct_RANLIB=ranlib
ac_cv_prog_ac_ct_STRIP=strip
ac_cv_prog_cc_c89=
ac_cv_prog_cc_c99=
ac_cv_prog_cc_g=yes
ac_cv_prog_make_make_set=yes
ac_cv_search_cblas_dgemm=-lgslcblas
ac_cv_search_gsl_rng_uniform=-lgsl
am_cv_CC_dependencies_compiler_type=gcc3
am_cv_make_support_nested_variables=yes
am_cv_prog_cc_c_o=yes
lt_cv_apple_cc_single_mod=yes
lt_cv_ar_at_file=no
lt_cv_deplibs_check_method=pass_all
lt_cv_file_magic_cmd='$MAGIC_CMD'
lt_cv_file_magic_test_file=
lt_cv_ld_exported_symbols_list=yes
lt_cv_ld_force_load=yes
lt_cv_ld_reload_flag=-r
lt_cv_nm_interface='BSD nm'
lt_cv_objdir=.libs
lt_cv_path_LD=/Library/Developer/CommandLineTools/usr/bin/ld
lt_cv_path_NM='/usr/bin/nm -B'
lt_cv_path_mainfest_tool=no
lt_cv_prog_compiler_c_o=yes
lt_cv_prog_compiler_pic='-fno-common -DPIC'
lt_cv_prog_compiler_pic_works=yes
lt_cv_prog_compiler_rtti_exceptions=yes
lt_cv_prog_compiler_static_works=no
lt_cv_prog_gnu_ld=no
lt_cv_sharedlib_from_linklib_cmd='printf %s\n'
lt_cv_sys_global_symbol_pipe='sed -n -e '\''s/^.*[	 ]\([BCDEGRST][BCDEGRST]*\)[	 ][	 ]*_\([_A-Za-z][_A-Za-z0-9]*\)$/\1 _\2 \2/p'\'' | sed '\''/ __gnu_lto/d'\'''
lt_cv_sys_global_symbol_to_c_name_address='sed -n -e '\''s/^: \([^ ]*\)[ ]*$/  {\"\1\", (void *) 0},/p'\'' -e '\''s/^[BCDEGRST]* \([^ ]*\) \([^ ]*\)$/  {"\2", (void *) \&\2},/p'\'''
lt_cv_sys_global_symbol_to_c_name_address_lib_prefix='sed -n -e '\''s/^: \([^ ]*\)[ ]*$/  {\"\1\", (void *) 0},/p'\'' -e '\''s/^[BCDEGRST]* \([^ ]*\) \(lib[^ ]*\)$/  {"\2", (void *) \&\2},/p'\'' -e '\''s/^[BCDEGRST]* \([^ ]*\) \([^ ]*\)$/  {"lib\2", (void *) \&\2},/p'\'''
lt_cv_sys_global_symbol_to_cdecl='sed -n -e '\''s/^T .* \(.*\)$/extern int \1();/p'\'' -e '\''s/^[BCDEGRST]* .* \(.*\)$/extern char \1;/p'\'''
lt_cv_sys_max_cmd_len=196608
lt_cv_to_host_file_cmd=func_convert_file_noop
lt_cv_to_tool_file_cmd=func_convert_file_noop

## ----------------- ##
## Output variables. ##
## ----------------- ##

ACLOCAL='${SHELL} /Users/XelmagaX/Desktop/ransampl-1.1/build-aux/missing aclocal-1.14'
AMDEPBACKSLASH='\'
AMDEP_FALSE='#'
AMDEP_TRUE=''
AMTAR='$${TAR-tar}'
AM_BACKSLASH='\'
AM_CFLAGS='-pedantic -Wall -Werror'
AM_DEFAULT_V='$(AM_DEFAULT_VERBOSITY)'
AM_DEFAULT_VERBOSITY='1'
AM_V='$(V)'
AR='ar'
AUTOCONF='${SHELL} /Users/XelmagaX/Desktop/ransampl-1.1/build-aux/missing autoconf'
AUTOHEADER='${SHELL} /Users/XelmagaX/Desktop/ransampl-1.1/build-aux/missing autoheader'
AUTOMAKE='${SHELL} /Users/XelmagaX/Desktop/ransampl-1.1/build-aux/missing automake-1.14'
AWK='awk'
CC='clang'
CCDEPMODE='depmode=gcc3'
CFLAGS='-g -O2'
CPP='clang -E'
CPPFLAGS=''
CYGPATH_W='echo'
DEFS='-DHAVE_CONFIG_H'
DEPDIR='.deps'
DLLTOOL='false'
DSYMUTIL='dsymutil'
DUMPBIN=''
ECHO_C='\c'
ECHO_N=''
ECHO_T=''
EGREP='/usr/bin/grep -E'
EXEEXT=''
FGREP='/usr/bin/grep -F'
GREP='/usr/bin/grep'
INSTALL_DATA='${INSTALL} -m 644'
INSTALL_PROGRAM='${INSTALL}'
INSTALL_SCRIPT='${INSTALL}'
INSTALL_STRIP_PROGRAM='$(install_sh) -c -s'
LD='/Library/Developer/CommandLineTools/usr/bin/ld'
LDFLAGS=''
LIBOBJS=''
LIBS='-lgsl -lgslcblas '
LIBTOOL='$(SHELL) $(top_builddir)/libtool'
LIPO='lipo'
LN_S='ln -s'
LTLIBOBJS=''
MAKEINFO='${SHELL} /Users/XelmagaX/Desktop/ransampl-1.1/build-aux/missing makeinfo'
MANIFEST_TOOL=':'
MKDIR_P='build-aux/install-sh -c -d'
NM='/usr/bin/nm -B'
NMEDIT='nmedit'
OBJDUMP='objdump'
OBJEXT='o'
OTOOL64=':'
OTOOL='otool'
PACKAGE='ransampl'
PACKAGE_BUGREPORT='http://apps.jcns.fz-juelich.de/ransampl'
PACKAGE_NAME='ransampl'
PACKAGE_STRING='ransampl 1:1'
PACKAGE_TARNAME='ransampl'
PACKAGE_URL=''
PACKAGE_VERSION='1:1'
PATH_SEPARATOR=':'
RANLIB='ranlib'
SED='/usr/bin/sed'
SET_MAKE=''
SHELL='/bin/sh'
STRIP='strip'
VERSION='1:1'
ac_ct_AR='ar'
ac_ct_CC='clang'
ac_ct_DUMPBIN=''
am__EXEEXT_FALSE=''
am__EXEEXT_TRUE='#'
am__fastdepCC_FALSE='#'
am__fastdepCC_TRUE=''
am__include='include'
am__isrc=''
am__leading_dot='.'
am__nodep='_no'
am__quote=''
am__tar='$${TAR-tar} chof - "$$tardir"'
am__untar='$${TAR-tar} xf -'
bindir='${exec_prefix}/bin'
build='x86_64-apple-darwin17.7.0'
build_alias=''
build_cpu='x86_64'
build_os='darwin17.7.0'
build_vendor='apple'
datadir='${datarootdir}'
datarootdir='${prefix}/share'
docdir='${datarootdir}/doc/${PACKAGE_TARNAME}'
dvidir='${docdir}'
exec_prefix='${prefix}'
host='x86_64-apple-darwin17.7.0'
host_alias=''
host_cpu='x86_64'
host_os='darwin17.7.0'
host_vendor='apple'
htmldir='${docdir}'
includedir='${prefix}/include'
infodir='${datarootdir}/info'
install_sh='${SHELL} /Users/XelmagaX/Desktop/ransampl-1.1/build-aux/install-sh'
libdir='${exec_prefix}/lib'
libexecdir='${exec_prefix}/libexec'
localedir='${datarootdir}/locale'
localstatedir='${prefix}/var'
mandir='${datarootdir}/man'
mkdir_p='$(MKDIR_P)'
oldincludedir='/usr/include'
pdfdir='${docdir}'
prefix='/usr/local'
program_transform_name='s,x,x,'
psdir='${docdir}'
sbindir='${exec_prefix}/sbin'
sharedstatedir='${prefix}/com'
sysconfdir='${prefix}/etc'
target_alias=''

## ----------- ##
## confdefs.h. ##
## ----------- ##

/* confdefs.h */
#define PACKAGE_NAME "ransampl"
#define PACKAGE_TARNAME "ransampl"
#define PACKAGE_VERSION "1:1"
#define PACKAGE_STRING "ransampl 1:1"
#define PACKAGE_BUGREPORT "http://apps.jcns.fz-juelich.de/ransampl"
#define PACKAGE_URL ""
#define PACKAGE "ransampl"
#define VERSION "1:1"
#define STDC_HEADERS 1
#define HAVE_SYS_TYPES_H 1
#define HAVE_SYS_STAT_H 1
#define HAVE_STDLIB_H 1
#define HAVE_STRING_H 1
#define HAVE_MEMORY_H 1
#define HAVE_STRINGS_H 1
#define HAVE_INTTYPES_H 1
#define HAVE_STDINT_H 1
#define HAVE_UNISTD_H 1
#define HAVE_DLFCN_H 1
#define LT_OBJDIR ".libs/"
#define STDC_HEADERS 1
#define HAVE_GSL_GSL_RNG_H 1

configure: exit 0
